  aaaa.cpp
M:\Master-UPC\Tesseract\Project\Source\Modules\Module.h(19,41): warning C4100: 'e': unreferenced formal parameter
M:\Master-UPC\Tesseract\Project\Source\GameObject.h(56,19): warning C4251: 'GameObject::name': class 'std::basic_string<char,std::char_traits<char>,std::allocator<char>>' needs to have dll-interface to be used by clients of class 'GameObject'
C:\Program Files (x86)\Microsoft Visual Studio\2019\Professional\VC\Tools\MSVC\14.28.29333\include\xstring(4648): message : see declaration of 'std::basic_string<char,std::char_traits<char>,std::allocator<char>>'
M:\Master-UPC\Tesseract\Project\Source\GameObject.h(67,55): warning C4251: 'GameObject::components': class 'std::vector<std::pair<ComponentType,UID>,std::allocator<std::pair<ComponentType,UID>>>' needs to have dll-interface to be used by clients of class 'GameObject'
M:\Master-UPC\Tesseract\Project\Source\GameObject.h(67): message : see declaration of 'std::vector<std::pair<ComponentType,UID>,std::allocator<std::pair<ComponentType,UID>>>'
M:\Master-UPC\Tesseract\Project\Source\GameObject.h(68,35): warning C4251: 'GameObject::children': class 'std::vector<GameObject *,std::allocator<GameObject *>>' needs to have dll-interface to be used by clients of class 'GameObject'
M:\Master-UPC\Tesseract\Project\Source\GameObject.h(43): message : see declaration of 'std::vector<GameObject *,std::allocator<GameObject *>>'
M:\Master-UPC\Tesseract\Game\Assets\Scripts\aaaa.cpp(19,14): warning C4244: 'initializing': conversion from 'double' to 'float', possible loss of data
  Camera.cpp
M:\Master-UPC\Tesseract\Project\Source\Modules\Module.h(19,41): warning C4100: 'e': unreferenced formal parameter
M:\Master-UPC\Tesseract\Project\Source\GameObject.h(56,19): warning C4251: 'GameObject::name': class 'std::basic_string<char,std::char_traits<char>,std::allocator<char>>' needs to have dll-interface to be used by clients of class 'GameObject'
C:\Program Files (x86)\Microsoft Visual Studio\2019\Professional\VC\Tools\MSVC\14.28.29333\include\xstring(4648): message : see declaration of 'std::basic_string<char,std::char_traits<char>,std::allocator<char>>'
M:\Master-UPC\Tesseract\Project\Source\GameObject.h(67,55): warning C4251: 'GameObject::components': class 'std::vector<std::pair<ComponentType,UID>,std::allocator<std::pair<ComponentType,UID>>>' needs to have dll-interface to be used by clients of class 'GameObject'
M:\Master-UPC\Tesseract\Project\Source\GameObject.h(67): message : see declaration of 'std::vector<std::pair<ComponentType,UID>,std::allocator<std::pair<ComponentType,UID>>>'
M:\Master-UPC\Tesseract\Project\Source\GameObject.h(68,35): warning C4251: 'GameObject::children': class 'std::vector<GameObject *,std::allocator<GameObject *>>' needs to have dll-interface to be used by clients of class 'GameObject'
M:\Master-UPC\Tesseract\Project\Source\GameObject.h(43): message : see declaration of 'std::vector<GameObject *,std::allocator<GameObject *>>'
  CubeMovement.cpp
M:\Master-UPC\Tesseract\Project\Source\Modules\Module.h(19,41): warning C4100: 'e': unreferenced formal parameter
M:\Master-UPC\Tesseract\Project\Source\GameObject.h(56,19): warning C4251: 'GameObject::name': class 'std::basic_string<char,std::char_traits<char>,std::allocator<char>>' needs to have dll-interface to be used by clients of class 'GameObject'
C:\Program Files (x86)\Microsoft Visual Studio\2019\Professional\VC\Tools\MSVC\14.28.29333\include\xstring(4648): message : see declaration of 'std::basic_string<char,std::char_traits<char>,std::allocator<char>>'
M:\Master-UPC\Tesseract\Project\Source\GameObject.h(67,55): warning C4251: 'GameObject::components': class 'std::vector<std::pair<ComponentType,UID>,std::allocator<std::pair<ComponentType,UID>>>' needs to have dll-interface to be used by clients of class 'GameObject'
M:\Master-UPC\Tesseract\Project\Source\GameObject.h(67): message : see declaration of 'std::vector<std::pair<ComponentType,UID>,std::allocator<std::pair<ComponentType,UID>>>'
M:\Master-UPC\Tesseract\Project\Source\GameObject.h(68,35): warning C4251: 'GameObject::children': class 'std::vector<GameObject *,std::allocator<GameObject *>>' needs to have dll-interface to be used by clients of class 'GameObject'
M:\Master-UPC\Tesseract\Project\Source\GameObject.h(43): message : see declaration of 'std::vector<GameObject *,std::allocator<GameObject *>>'
  PlayerMovement.cpp
M:\Master-UPC\Tesseract\Project\Source\Modules\Module.h(19,41): warning C4100: 'e': unreferenced formal parameter
M:\Master-UPC\Tesseract\Project\Source\GameObject.h(56,19): warning C4251: 'GameObject::name': class 'std::basic_string<char,std::char_traits<char>,std::allocator<char>>' needs to have dll-interface to be used by clients of class 'GameObject'
C:\Program Files (x86)\Microsoft Visual Studio\2019\Professional\VC\Tools\MSVC\14.28.29333\include\xstring(4648): message : see declaration of 'std::basic_string<char,std::char_traits<char>,std::allocator<char>>'
M:\Master-UPC\Tesseract\Project\Source\GameObject.h(67,55): warning C4251: 'GameObject::components': class 'std::vector<std::pair<ComponentType,UID>,std::allocator<std::pair<ComponentType,UID>>>' needs to have dll-interface to be used by clients of class 'GameObject'
M:\Master-UPC\Tesseract\Project\Source\GameObject.h(67): message : see declaration of 'std::vector<std::pair<ComponentType,UID>,std::allocator<std::pair<ComponentType,UID>>>'
M:\Master-UPC\Tesseract\Project\Source\GameObject.h(68,35): warning C4251: 'GameObject::children': class 'std::vector<GameObject *,std::allocator<GameObject *>>' needs to have dll-interface to be used by clients of class 'GameObject'
M:\Master-UPC\Tesseract\Project\Source\GameObject.h(43): message : see declaration of 'std::vector<GameObject *,std::allocator<GameObject *>>'
  WinLose.cpp
M:\Master-UPC\Tesseract\Project\Source\Modules\Module.h(19,41): warning C4100: 'e': unreferenced formal parameter
M:\Master-UPC\Tesseract\Project\Source\GameObject.h(56,19): warning C4251: 'GameObject::name': class 'std::basic_string<char,std::char_traits<char>,std::allocator<char>>' needs to have dll-interface to be used by clients of class 'GameObject'
C:\Program Files (x86)\Microsoft Visual Studio\2019\Professional\VC\Tools\MSVC\14.28.29333\include\xstring(4648): message : see declaration of 'std::basic_string<char,std::char_traits<char>,std::allocator<char>>'
M:\Master-UPC\Tesseract\Project\Source\GameObject.h(67,55): warning C4251: 'GameObject::components': class 'std::vector<std::pair<ComponentType,UID>,std::allocator<std::pair<ComponentType,UID>>>' needs to have dll-interface to be used by clients of class 'GameObject'
M:\Master-UPC\Tesseract\Project\Source\GameObject.h(67): message : see declaration of 'std::vector<std::pair<ComponentType,UID>,std::allocator<std::pair<ComponentType,UID>>>'
M:\Master-UPC\Tesseract\Project\Source\GameObject.h(68,35): warning C4251: 'GameObject::children': class 'std::vector<GameObject *,std::allocator<GameObject *>>' needs to have dll-interface to be used by clients of class 'GameObject'
M:\Master-UPC\Tesseract\Project\Source\GameObject.h(43): message : see declaration of 'std::vector<GameObject *,std::allocator<GameObject *>>'
  Generating Code...
aaaa.obj : warning LNK4075: ignoring '/EDITANDCONTINUE' due to '/INCREMENTAL:NO' specification
     Creating library M:\Master-UPC\Tesseract\Game\Penteract\\Build\DebugEditor\Penteract.lib and object M:\Master-UPC\Tesseract\Game\Penteract\\Build\DebugEditor\Penteract.exp
  Penteract.vcxproj -> M:\Master-UPC\Tesseract\Game\Penteract\Build\DebugEditor\Penteract.dll
